2023-01-01 10:00:00 INFO Starting application server on port 8080
2023-01-01 10:00:01 INFO Loading configuration from /etc/app/config.json
2023-01-01 10:00:02 INFO Database connection pool initialized with 10 connections
2023-01-01 10:00:03 DEBUG Authenticating user request with token abc123def456
2023-01-01 10:00:04 INFO Processing user request for endpoint /api/users/123
2023-01-01 10:00:05 WARN Database query took longer than expected: 1.2 seconds
2023-01-01 10:00:06 ERROR Failed to validate user input: invalid email format
2023-01-01 10:00:07 INFO Successfully processed user creation request
2023-01-01 10:00:08 DEBUG Cache miss for key user_profile_123, fetching from database
2023-01-01 10:00:09 INFO User profile cached for 300 seconds
2023-01-01 10:00:10 INFO HTTP request completed with status 200 in 45ms
2023-01-01 10:00:11 DEBUG Garbage collection completed in 12ms
2023-01-01 10:00:12 WARN Memory usage above 80%: 82.5% of heap used
2023-01-01 10:00:13 INFO Scheduled task 'user_cleanup' executed successfully
2023-01-01 10:00:14 ERROR Connection timeout to external service: payment_gateway
2023-01-01 10:00:15 INFO Retrying connection to payment_gateway (attempt 2/3)
2023-01-01 10:00:16 INFO Successfully connected to payment_gateway
2023-01-01 10:00:17 DEBUG Processing payment for order_id=789 amount=$99.99
2023-01-01 10:00:18 INFO Payment processed successfully, transaction_id=tx_abc123
2023-01-01 10:00:19 INFO Email notification sent to user@example.com
2023-01-01 10:00:20 DEBUG Session updated for user_id=123 with new activity timestamp
2023-01-01 10:00:21 INFO API rate limit check passed for client_id=client_789
2023-01-01 10:00:22 WARN Failed login attempt from IP 192.168.1.100 for user@example.com
2023-01-01 10:00:23 ERROR Maximum login attempts exceeded, account temporarily locked
2023-01-01 10:00:24 INFO Account unlock scheduled for 30 minutes from now
2023-01-01 10:00:25 DEBUG Background task queue has 5 pending jobs
2023-01-01 10:00:26 INFO File upload completed: document.pdf (2.5MB)
2023-01-01 10:00:27 DEBUG Virus scan completed successfully for uploaded file
2023-01-01 10:00:28 INFO File processing pipeline initiated for document.pdf
2023-01-01 10:00:29 WARN Disk space running low: 15% remaining on /var/log
2023-01-01 10:00:30 INFO Log rotation triggered for application.log
2023-01-01 10:00:31 DEBUG Old log files compressed and archived
2023-01-01 10:00:32 INFO Health check endpoint responded with status OK
2023-01-01 10:00:33 ERROR Database connection lost, attempting reconnection
2023-01-01 10:00:34 INFO Database reconnection successful after 1.5 seconds
2023-01-01 10:00:35 DEBUG WebSocket connection established for real-time updates
2023-01-01 10:00:36 INFO Real-time dashboard updated for 15 active users
2023-01-01 10:00:37 WARN SSL certificate expires in 30 days
2023-01-01 10:00:38 INFO Automatic SSL certificate renewal scheduled
2023-01-01 10:00:39 DEBUG Configuration reload triggered by SIGHUP signal
2023-01-01 10:00:40 INFO Configuration reloaded successfully without restart
2023-01-01 10:00:41 ERROR External API call failed: weather_service timeout
2023-01-01 10:00:42 INFO Using cached weather data from 10 minutes ago
2023-01-01 10:00:43 DEBUG Cache entry expires in 20 minutes
2023-01-01 10:00:44 INFO Backup operation started for user data
2023-01-01 10:00:45 INFO Backup completed successfully: 1.2GB transferred
2023-01-01 10:00:46 DEBUG Backup verification completed with checksum match
2023-01-01 10:00:47 WARN CPU usage spike detected: 95% for 5 seconds
2023-01-01 10:00:48 INFO CPU usage normalized: 45% average
2023-01-01 10:00:49 DEBUG Performance metrics collected and stored
2023-01-01 10:00:50 INFO Daily report generation completed
2023-01-01 10:00:51 ERROR Failed to send report email: SMTP server unavailable
2023-01-01 10:00:52 INFO Report saved to local storage for manual retrieval
2023-01-01 10:00:53 DEBUG Thread pool resized from 10 to 15 workers
2023-01-01 10:00:54 INFO Load balancer health check passed
2023-01-01 10:00:55 WARN Unusual traffic pattern detected from IP range
2023-01-01 10:00:56 INFO Traffic analysis completed, no security threat found
2023-01-01 10:00:57 DEBUG Request processing time improved by 15%
2023-01-01 10:00:58 INFO Feature flag 'new_ui' enabled for 10% of users
2023-01-01 10:00:59 INFO Application heartbeat: all systems operational 